[0.555s] Invoking command in '/home/dz/Desktop/uni/SEM 7/TOOLS&SOFTWARE/ros2_project/ros2_ws/build/other_mssgs': CMAKE_PREFIX_PATH=${CMAKE_PREFIX_PATH}:/home/dz/Desktop/uni/SEM 7/TOOLS&SOFTWARE/ros2_project/ros2_ws/install/camera_test:/home/dz/Desktop/uni/SEM 7/TOOLS&SOFTWARE/ros2_project/ros2_ws/install/camera_driver:/opt/ros/jazzy DEBUGINFOD_URLS=https://debuginfod.ubuntu.com /usr/bin/cmake /home/dz/Desktop/uni/SEM 7/TOOLS&SOFTWARE/ros2_project/ros2_ws/src/other_mssgs -DCMAKE_INSTALL_PREFIX=/home/dz/Desktop/uni/SEM 7/TOOLS&SOFTWARE/ros2_project/ros2_ws/install/other_mssgs
[0.688s] -- The C compiler identification is GNU 13.3.0
[0.823s] -- The CXX compiler identification is GNU 13.3.0
[0.863s] -- Detecting C compiler ABI info
[1.075s] -- Detecting C compiler ABI info - done
[1.097s] -- Check for working C compiler: /usr/bin/cc - skipped
[1.098s] -- Detecting C compile features
[1.099s] -- Detecting C compile features - done
[1.122s] -- Detecting CXX compiler ABI info
[1.367s] -- Detecting CXX compiler ABI info - done
[1.391s] -- Check for working CXX compiler: /usr/bin/c++ - skipped
[1.392s] -- Detecting CXX compile features
[1.393s] -- Detecting CXX compile features - done
[1.401s] -- Found ament_cmake: 2.5.4 (/opt/ros/jazzy/share/ament_cmake/cmake)
[1.764s] -- Found Python3: /usr/bin/python3 (found version "3.12.3") found components: Interpreter 
[2.038s] -- Found geometry_msgs: 5.3.6 (/opt/ros/jazzy/share/geometry_msgs/cmake)
[2.153s] -- Found rosidl_generator_c: 4.6.6 (/opt/ros/jazzy/share/rosidl_generator_c/cmake)
[2.192s] -- Found rosidl_generator_cpp: 4.6.6 (/opt/ros/jazzy/share/rosidl_generator_cpp/cmake)
[2.236s] -- Using all available rosidl_typesupport_c: rosidl_typesupport_fastrtps_c;rosidl_typesupport_introspection_c
[2.286s] -- Using all available rosidl_typesupport_cpp: rosidl_typesupport_fastrtps_cpp;rosidl_typesupport_introspection_cpp
[2.415s] -- Found ament_lint_auto: 0.17.3 (/opt/ros/jazzy/share/ament_lint_auto/cmake)
[2.729s] -- Added test 'flake8' to check Python code syntax and style conventions
[2.729s] -- Configured 'flake8' exclude dirs and/or files: 
[2.731s] -- Added test 'lint_cmake' to check CMake code style
[2.733s] -- Added test 'pep257' to check Python code against some of the docstring style conventions in PEP 257
[2.737s] -- Added test 'xmllint' to check XML markup files
[2.741s] -- Configuring done (2.2s)
[2.755s] -- Generating done (0.0s)
[2.762s] -- Build files have been written to: /home/dz/Desktop/uni/SEM 7/TOOLS&SOFTWARE/ros2_project/ros2_ws/build/other_mssgs
[2.776s] Invoked command in '/home/dz/Desktop/uni/SEM 7/TOOLS&SOFTWARE/ros2_project/ros2_ws/build/other_mssgs' returned '0': CMAKE_PREFIX_PATH=${CMAKE_PREFIX_PATH}:/home/dz/Desktop/uni/SEM 7/TOOLS&SOFTWARE/ros2_project/ros2_ws/install/camera_test:/home/dz/Desktop/uni/SEM 7/TOOLS&SOFTWARE/ros2_project/ros2_ws/install/camera_driver:/opt/ros/jazzy DEBUGINFOD_URLS=https://debuginfod.ubuntu.com /usr/bin/cmake /home/dz/Desktop/uni/SEM 7/TOOLS&SOFTWARE/ros2_project/ros2_ws/src/other_mssgs -DCMAKE_INSTALL_PREFIX=/home/dz/Desktop/uni/SEM 7/TOOLS&SOFTWARE/ros2_project/ros2_ws/install/other_mssgs
[2.778s] Invoking command in '/home/dz/Desktop/uni/SEM 7/TOOLS&SOFTWARE/ros2_project/ros2_ws/build/other_mssgs': CMAKE_PREFIX_PATH=${CMAKE_PREFIX_PATH}:/home/dz/Desktop/uni/SEM 7/TOOLS&SOFTWARE/ros2_project/ros2_ws/install/camera_test:/home/dz/Desktop/uni/SEM 7/TOOLS&SOFTWARE/ros2_project/ros2_ws/install/camera_driver:/opt/ros/jazzy DEBUGINFOD_URLS=https://debuginfod.ubuntu.com /usr/bin/cmake --build /home/dz/Desktop/uni/SEM 7/TOOLS&SOFTWARE/ros2_project/ros2_ws/build/other_mssgs -- -j12 -l12
[2.884s] /bin/sh: 1: SOFTWARE/ros2_project/ros2_ws/build/other_mssgs/ament_cmake_python/other_mssgs/other_mssgs: not found
[2.884s] /bin/sh: 1: SOFTWARE/ros2_project/ros2_ws/src/other_mssgs/other_mssgs: not found
[2.885s] gmake[2]: *** [CMakeFiles/ament_cmake_python_copy_other_mssgs.dir/build.make:70: CMakeFiles/ament_cmake_python_copy_other_mssgs] Error 127
[2.885s] gmake[1]: *** [CMakeFiles/Makefile2:138: CMakeFiles/ament_cmake_python_copy_other_mssgs.dir/all] Error 2
[2.886s] gmake: *** [Makefile:146: all] Error 2
[2.905s] CMake Error: cmake version 3.28.3
[2.905s] Usage: /usr/bin/cmake -E <command> [arguments...]
[2.905s] Available commands: 
[2.905s]   capabilities              - Report capabilities built into cmake in JSON format
[2.905s]   cat [--] <files>...       - concat the files and print them to the standard output
[2.905s]   chdir dir cmd [args...]   - run command in a given directory
[2.905s]   compare_files [--ignore-eol] file1 file2
[2.906s]                               - check if file1 is same as file2
[2.906s]   copy <file>... destination  - copy files to destination (either file or directory)
[2.906s]   copy_directory <dir>... destination   - copy content of <dir>... directories to 'destination' directory
[2.906s]   copy_directory_if_different <dir>... destination   - copy changed content of <dir>... directories to 'destination' directory
[2.906s]   copy_if_different <file>... destination  - copy files if it has changed
[2.906s]   echo [<string>...]        - displays arguments as text
[2.907s]   echo_append [<string>...] - displays arguments as text but no new line
[2.907s]   env [--unset=NAME ...] [NAME=VALUE ...] [--] <command> [<arg>...]
[2.908s]                             - run command in a modified environment
[2.908s]   environment               - display the current environment
[2.908s]   make_directory <dir>...   - create parent and <dir> directories
[2.908s]   md5sum <file>...          - create MD5 checksum of files
[2.908s]   sha1sum <file>...         - create SHA1 checksum of files
[2.908s]   sha224sum <file>...       - create SHA224 checksum of files
[2.909s]   sha256sum <file>...       - create SHA256 checksum of files
[2.909s]   sha384sum <file>...       - create SHA384 checksum of files
[2.909s]   sha512sum <file>...       - create SHA512 checksum of files
[2.909s]   remove [-f] <file>...     - remove the file(s), use -f to force it (deprecated: use rm instead)
[2.909s]   remove_directory <dir>... - remove directories and their contents (deprecated: use rm instead)
[2.910s]   rename oldname newname    - rename a file or directory (on one volume)
[2.910s]   rm [-rRf] [--] <file/dir>... - remove files or directories, use -f to force it, r or R to remove directories and their contents recursively
[2.910s]   sleep <number>...         - sleep for given number of seconds
[2.910s]   tar [cxt][vf][zjJ] file.tar [file/dir1 file/dir2 ...]
[2.910s]                             - create or extract a tar or zip archive
[2.911s]   time command [args...]    - run command and display elapsed time
[2.911s]   touch <file>...           - touch a <file>.
[2.911s]   touch_nocreate <file>...  - touch a <file> but do not create it.
[2.911s]   create_symlink old new    - create a symbolic link new -> old
[2.911s]   create_hardlink old new   - create a hard link new -> old
[2.911s]   true                      - do nothing with an exit code of 0
[2.911s]   false                     - do nothing with an exit code of 1
[2.912s] 
[2.912s] Invoked command in '/home/dz/Desktop/uni/SEM 7/TOOLS&SOFTWARE/ros2_project/ros2_ws/build/other_mssgs' returned '2': CMAKE_PREFIX_PATH=${CMAKE_PREFIX_PATH}:/home/dz/Desktop/uni/SEM 7/TOOLS&SOFTWARE/ros2_project/ros2_ws/install/camera_test:/home/dz/Desktop/uni/SEM 7/TOOLS&SOFTWARE/ros2_project/ros2_ws/install/camera_driver:/opt/ros/jazzy DEBUGINFOD_URLS=https://debuginfod.ubuntu.com /usr/bin/cmake --build /home/dz/Desktop/uni/SEM 7/TOOLS&SOFTWARE/ros2_project/ros2_ws/build/other_mssgs -- -j12 -l12
