[0.556s] Invoking command in '/home/dz/Desktop/uni/SEM 7/TOOLS&SOFTWARE/ros2_project/ros2_ws/build/other_mssgs': CMAKE_PREFIX_PATH=${CMAKE_PREFIX_PATH}:/home/dz/Desktop/uni/SEM 7/TOOLS&SOFTWARE/ros2_project/ros2_ws/install/camera_test:/home/dz/Desktop/uni/SEM 7/TOOLS&SOFTWARE/ros2_project/ros2_ws/install/camera_driver:/opt/ros/jazzy DEBUGINFOD_URLS=https://debuginfod.ubuntu.com /usr/bin/cmake /home/dz/Desktop/uni/SEM 7/TOOLS&SOFTWARE/ros2_project/ros2_ws/src/other_mssgs -DCMAKE_INSTALL_PREFIX=/home/dz/Desktop/uni/SEM 7/TOOLS&SOFTWARE/ros2_project/ros2_ws/install/other_mssgs
[0.589s] -- Found ament_cmake: 2.5.4 (/opt/ros/jazzy/share/ament_cmake/cmake)
[1.115s] -- Found geometry_msgs: 5.3.6 (/opt/ros/jazzy/share/geometry_msgs/cmake)
[1.247s] -- Found rosidl_generator_c: 4.6.6 (/opt/ros/jazzy/share/rosidl_generator_c/cmake)
[1.291s] -- Found rosidl_generator_cpp: 4.6.6 (/opt/ros/jazzy/share/rosidl_generator_cpp/cmake)
[1.342s] -- Using all available rosidl_typesupport_c: rosidl_typesupport_fastrtps_c;rosidl_typesupport_introspection_c
[1.397s] -- Using all available rosidl_typesupport_cpp: rosidl_typesupport_fastrtps_cpp;rosidl_typesupport_introspection_cpp
[1.538s] -- Found ament_lint_auto: 0.17.3 (/opt/ros/jazzy/share/ament_lint_auto/cmake)
[1.869s] -- Added test 'flake8' to check Python code syntax and style conventions
[1.869s] -- Configured 'flake8' exclude dirs and/or files: 
[1.871s] -- Added test 'lint_cmake' to check CMake code style
[1.873s] -- Added test 'pep257' to check Python code against some of the docstring style conventions in PEP 257
[1.878s] -- Added test 'xmllint' to check XML markup files
[1.883s] -- Configuring done (1.3s)
[1.898s] -- Generating done (0.0s)
[1.905s] -- Build files have been written to: /home/dz/Desktop/uni/SEM 7/TOOLS&SOFTWARE/ros2_project/ros2_ws/build/other_mssgs
[1.917s] Invoked command in '/home/dz/Desktop/uni/SEM 7/TOOLS&SOFTWARE/ros2_project/ros2_ws/build/other_mssgs' returned '0': CMAKE_PREFIX_PATH=${CMAKE_PREFIX_PATH}:/home/dz/Desktop/uni/SEM 7/TOOLS&SOFTWARE/ros2_project/ros2_ws/install/camera_test:/home/dz/Desktop/uni/SEM 7/TOOLS&SOFTWARE/ros2_project/ros2_ws/install/camera_driver:/opt/ros/jazzy DEBUGINFOD_URLS=https://debuginfod.ubuntu.com /usr/bin/cmake /home/dz/Desktop/uni/SEM 7/TOOLS&SOFTWARE/ros2_project/ros2_ws/src/other_mssgs -DCMAKE_INSTALL_PREFIX=/home/dz/Desktop/uni/SEM 7/TOOLS&SOFTWARE/ros2_project/ros2_ws/install/other_mssgs
[1.920s] Invoking command in '/home/dz/Desktop/uni/SEM 7/TOOLS&SOFTWARE/ros2_project/ros2_ws/build/other_mssgs': CMAKE_PREFIX_PATH=${CMAKE_PREFIX_PATH}:/home/dz/Desktop/uni/SEM 7/TOOLS&SOFTWARE/ros2_project/ros2_ws/install/camera_test:/home/dz/Desktop/uni/SEM 7/TOOLS&SOFTWARE/ros2_project/ros2_ws/install/camera_driver:/opt/ros/jazzy DEBUGINFOD_URLS=https://debuginfod.ubuntu.com /usr/bin/cmake --build /home/dz/Desktop/uni/SEM 7/TOOLS&SOFTWARE/ros2_project/ros2_ws/build/other_mssgs -- -j12 -l12
[2.033s] /bin/sh: 1: SOFTWARE/ros2_project/ros2_ws/build/other_mssgs/ament_cmake_python/other_mssgs/other_mssgs: not found
[2.033s] /bin/sh: 1: SOFTWARE/ros2_project/ros2_ws/src/other_mssgs/other_mssgs: not found
[2.033s] gmake[2]: *** [CMakeFiles/ament_cmake_python_copy_other_mssgs.dir/build.make:70: CMakeFiles/ament_cmake_python_copy_other_mssgs] Error 127
[2.034s] gmake[1]: *** [CMakeFiles/Makefile2:138: CMakeFiles/ament_cmake_python_copy_other_mssgs.dir/all] Error 2
[2.034s] gmake: *** [Makefile:146: all] Error 2
[2.051s] CMake Error: cmake version 3.28.3
[2.052s] Usage: /usr/bin/cmake -E <command> [arguments...]
[2.052s] Available commands: 
[2.052s]   capabilities              - Report capabilities built into cmake in JSON format
[2.052s]   cat [--] <files>...       - concat the files and print them to the standard output
[2.052s]   chdir dir cmd [args...]   - run command in a given directory
[2.052s]   compare_files [--ignore-eol] file1 file2
[2.052s]                               - check if file1 is same as file2
[2.053s]   copy <file>... destination  - copy files to destination (either file or directory)
[2.053s]   copy_directory <dir>... destination   - copy content of <dir>... directories to 'destination' directory
[2.053s]   copy_directory_if_different <dir>... destination   - copy changed content of <dir>... directories to 'destination' directory
[2.053s]   copy_if_different <file>... destination  - copy files if it has changed
[2.053s]   echo [<string>...]        - displays arguments as text
[2.054s]   echo_append [<string>...] - displays arguments as text but no new line
[2.054s]   env [--unset=NAME ...] [NAME=VALUE ...] [--] <command> [<arg>...]
[2.054s]                             - run command in a modified environment
[2.054s]   environment               - display the current environment
[2.055s]   make_directory <dir>...   - create parent and <dir> directories
[2.055s]   md5sum <file>...          - create MD5 checksum of files
[2.055s]   sha1sum <file>...         - create SHA1 checksum of files
[2.055s]   sha224sum <file>...       - create SHA224 checksum of files
[2.055s]   sha256sum <file>...       - create SHA256 checksum of files
[2.056s]   sha384sum <file>...       - create SHA384 checksum of files
[2.056s]   sha512sum <file>...       - create SHA512 checksum of files
[2.056s]   remove [-f] <file>...     - remove the file(s), use -f to force it (deprecated: use rm instead)
[2.056s]   remove_directory <dir>... - remove directories and their contents (deprecated: use rm instead)
[2.056s]   rename oldname newname    - rename a file or directory (on one volume)
[2.056s]   rm [-rRf] [--] <file/dir>... - remove files or directories, use -f to force it, r or R to remove directories and their contents recursively
[2.057s]   sleep <number>...         - sleep for given number of seconds
[2.057s]   tar [cxt][vf][zjJ] file.tar [file/dir1 file/dir2 ...]
[2.057s]                             - create or extract a tar or zip archive
[2.057s]   time command [args...]    - run command and display elapsed time
[2.057s]   touch <file>...           - touch a <file>.
[2.058s]   touch_nocreate <file>...  - touch a <file> but do not create it.
[2.058s]   create_symlink old new    - create a symbolic link new -> old
[2.058s]   create_hardlink old new   - create a hard link new -> old
[2.058s]   true                      - do nothing with an exit code of 0
[2.059s]   false                     - do nothing with an exit code of 1
[2.059s] 
[2.059s] Invoked command in '/home/dz/Desktop/uni/SEM 7/TOOLS&SOFTWARE/ros2_project/ros2_ws/build/other_mssgs' returned '2': CMAKE_PREFIX_PATH=${CMAKE_PREFIX_PATH}:/home/dz/Desktop/uni/SEM 7/TOOLS&SOFTWARE/ros2_project/ros2_ws/install/camera_test:/home/dz/Desktop/uni/SEM 7/TOOLS&SOFTWARE/ros2_project/ros2_ws/install/camera_driver:/opt/ros/jazzy DEBUGINFOD_URLS=https://debuginfod.ubuntu.com /usr/bin/cmake --build /home/dz/Desktop/uni/SEM 7/TOOLS&SOFTWARE/ros2_project/ros2_ws/build/other_mssgs -- -j12 -l12
