[0.549s] Invoking command in '/home/dz/Desktop/uni/SEM 7/TOOLS&SOFTWARE/ros2_project/ros2_ws/build/other_mssgs': CMAKE_PREFIX_PATH=${CMAKE_PREFIX_PATH}:/home/dz/Desktop/uni/SEM 7/TOOLS&SOFTWARE/ros2_project/ros2_ws/install/camera_test:/home/dz/Desktop/uni/SEM 7/TOOLS&SOFTWARE/ros2_project/ros2_ws/install/camera_driver:/opt/ros/jazzy DEBUGINFOD_URLS=https://debuginfod.ubuntu.com /usr/bin/cmake --build /home/dz/Desktop/uni/SEM 7/TOOLS&SOFTWARE/ros2_project/ros2_ws/build/other_mssgs -- -j12 -l12
[0.657s] /bin/sh: 1: SOFTWARE/ros2_project/ros2_ws/build/other_mssgs/ament_cmake_python/other_mssgs/other_mssgs: not found
[0.658s] /bin/sh: 1: SOFTWARE/ros2_project/ros2_ws/src/other_mssgs/other_mssgs: not found
[0.658s] gmake[2]: *** [CMakeFiles/ament_cmake_python_copy_other_mssgs.dir/build.make:70: CMakeFiles/ament_cmake_python_copy_other_mssgs] Error 127
[0.658s] gmake[1]: *** [CMakeFiles/Makefile2:138: CMakeFiles/ament_cmake_python_copy_other_mssgs.dir/all] Error 2
[0.659s] gmake: *** [Makefile:146: all] Error 2
[0.675s] CMake Error: cmake version 3.28.3
[0.675s] Usage: /usr/bin/cmake -E <command> [arguments...]
[0.676s] Available commands: 
[0.676s]   capabilities              - Report capabilities built into cmake in JSON format
[0.676s]   cat [--] <files>...       - concat the files and print them to the standard output
[0.676s]   chdir dir cmd [args...]   - run command in a given directory
[0.677s]   compare_files [--ignore-eol] file1 file2
[0.677s]                               - check if file1 is same as file2
[0.677s]   copy <file>... destination  - copy files to destination (either file or directory)
[0.678s]   copy_directory <dir>... destination   - copy content of <dir>... directories to 'destination' directory
[0.678s]   copy_directory_if_different <dir>... destination   - copy changed content of <dir>... directories to 'destination' directory
[0.679s]   copy_if_different <file>... destination  - copy files if it has changed
[0.679s]   echo [<string>...]        - displays arguments as text
[0.680s]   echo_append [<string>...] - displays arguments as text but no new line
[0.680s]   env [--unset=NAME ...] [NAME=VALUE ...] [--] <command> [<arg>...]
[0.680s]                             - run command in a modified environment
[0.680s]   environment               - display the current environment
[0.680s]   make_directory <dir>...   - create parent and <dir> directories
[0.680s]   md5sum <file>...          - create MD5 checksum of files
[0.681s]   sha1sum <file>...         - create SHA1 checksum of files
[0.681s]   sha224sum <file>...       - create SHA224 checksum of files
[0.681s]   sha256sum <file>...       - create SHA256 checksum of files
[0.681s]   sha384sum <file>...       - create SHA384 checksum of files
[0.681s]   sha512sum <file>...       - create SHA512 checksum of files
[0.681s]   remove [-f] <file>...     - remove the file(s), use -f to force it (deprecated: use rm instead)
[0.681s]   remove_directory <dir>... - remove directories and their contents (deprecated: use rm instead)
[0.681s]   rename oldname newname    - rename a file or directory (on one volume)
[0.682s]   rm [-rRf] [--] <file/dir>... - remove files or directories, use -f to force it, r or R to remove directories and their contents recursively
[0.682s]   sleep <number>...         - sleep for given number of seconds
[0.682s]   tar [cxt][vf][zjJ] file.tar [file/dir1 file/dir2 ...]
[0.682s]                             - create or extract a tar or zip archive
[0.682s]   time command [args...]    - run command and display elapsed time
[0.682s]   touch <file>...           - touch a <file>.
[0.682s]   touch_nocreate <file>...  - touch a <file> but do not create it.
[0.682s]   create_symlink old new    - create a symbolic link new -> old
[0.682s]   create_hardlink old new   - create a hard link new -> old
[0.682s]   true                      - do nothing with an exit code of 0
[0.682s]   false                     - do nothing with an exit code of 1
[0.683s] 
[0.683s] Invoked command in '/home/dz/Desktop/uni/SEM 7/TOOLS&SOFTWARE/ros2_project/ros2_ws/build/other_mssgs' returned '2': CMAKE_PREFIX_PATH=${CMAKE_PREFIX_PATH}:/home/dz/Desktop/uni/SEM 7/TOOLS&SOFTWARE/ros2_project/ros2_ws/install/camera_test:/home/dz/Desktop/uni/SEM 7/TOOLS&SOFTWARE/ros2_project/ros2_ws/install/camera_driver:/opt/ros/jazzy DEBUGINFOD_URLS=https://debuginfod.ubuntu.com /usr/bin/cmake --build /home/dz/Desktop/uni/SEM 7/TOOLS&SOFTWARE/ros2_project/ros2_ws/build/other_mssgs -- -j12 -l12
