[0.178s] Invoking command in '/home/dz/Desktop/uni/SEM 7/TOOLS&SOFTWARE/ros2_project/ros2_ws/build/other_mssgs': CMAKE_PREFIX_PATH=${CMAKE_PREFIX_PATH}:/home/dz/Desktop/uni/SEM 7/TOOLS&SOFTWARE/ros2_project/ros2_ws/install/camera_test:/home/dz/Desktop/uni/SEM 7/TOOLS&SOFTWARE/ros2_project/ros2_ws/install/camera_driver:/opt/ros/jazzy DEBUGINFOD_URLS=https://debuginfod.ubuntu.com /usr/bin/cmake /home/dz/Desktop/uni/SEM 7/TOOLS&SOFTWARE/ros2_project/ros2_ws/src/other_mssgs -DCMAKE_INSTALL_PREFIX=/home/dz/Desktop/uni/SEM 7/TOOLS&SOFTWARE/ros2_project/ros2_ws/install/other_mssgs
[0.227s] -- The C compiler identification is GNU 13.3.0
[0.278s] -- The CXX compiler identification is GNU 13.3.0
[0.296s] -- Detecting C compiler ABI info
[0.386s] -- Detecting C compiler ABI info - done
[0.393s] -- Check for working C compiler: /usr/bin/cc - skipped
[0.393s] -- Detecting C compile features
[0.394s] -- Detecting C compile features - done
[0.403s] -- Detecting CXX compiler ABI info
[0.497s] -- Detecting CXX compiler ABI info - done
[0.506s] -- Check for working CXX compiler: /usr/bin/c++ - skipped
[0.506s] -- Detecting CXX compile features
[0.506s] -- Detecting CXX compile features - done
[0.509s] -- Found ament_cmake: 2.5.4 (/opt/ros/jazzy/share/ament_cmake/cmake)
[0.642s] -- Found Python3: /usr/bin/python3 (found version "3.12.3") found components: Interpreter 
[0.738s] -- Found geometry_msgs: 5.3.6 (/opt/ros/jazzy/share/geometry_msgs/cmake)
[0.776s] -- Found rosidl_generator_c: 4.6.6 (/opt/ros/jazzy/share/rosidl_generator_c/cmake)
[0.788s] -- Found rosidl_generator_cpp: 4.6.6 (/opt/ros/jazzy/share/rosidl_generator_cpp/cmake)
[0.802s] -- Using all available rosidl_typesupport_c: rosidl_typesupport_fastrtps_c;rosidl_typesupport_introspection_c
[0.818s] -- Using all available rosidl_typesupport_cpp: rosidl_typesupport_fastrtps_cpp;rosidl_typesupport_introspection_cpp
[0.858s] -- Found ament_lint_auto: 0.17.3 (/opt/ros/jazzy/share/ament_lint_auto/cmake)
[0.971s] -- Added test 'flake8' to check Python code syntax and style conventions
[0.971s] -- Configured 'flake8' exclude dirs and/or files: 
[0.971s] -- Added test 'lint_cmake' to check CMake code style
[0.972s] -- Added test 'pep257' to check Python code against some of the docstring style conventions in PEP 257
[0.973s] -- Added test 'xmllint' to check XML markup files
[0.974s] -- Configuring done (0.8s)
[0.979s] -- Generating done (0.0s)
[0.981s] -- Build files have been written to: /home/dz/Desktop/uni/SEM 7/TOOLS&SOFTWARE/ros2_project/ros2_ws/build/other_mssgs
[0.989s] Invoked command in '/home/dz/Desktop/uni/SEM 7/TOOLS&SOFTWARE/ros2_project/ros2_ws/build/other_mssgs' returned '0': CMAKE_PREFIX_PATH=${CMAKE_PREFIX_PATH}:/home/dz/Desktop/uni/SEM 7/TOOLS&SOFTWARE/ros2_project/ros2_ws/install/camera_test:/home/dz/Desktop/uni/SEM 7/TOOLS&SOFTWARE/ros2_project/ros2_ws/install/camera_driver:/opt/ros/jazzy DEBUGINFOD_URLS=https://debuginfod.ubuntu.com /usr/bin/cmake /home/dz/Desktop/uni/SEM 7/TOOLS&SOFTWARE/ros2_project/ros2_ws/src/other_mssgs -DCMAKE_INSTALL_PREFIX=/home/dz/Desktop/uni/SEM 7/TOOLS&SOFTWARE/ros2_project/ros2_ws/install/other_mssgs
[0.990s] Invoking command in '/home/dz/Desktop/uni/SEM 7/TOOLS&SOFTWARE/ros2_project/ros2_ws/build/other_mssgs': CMAKE_PREFIX_PATH=${CMAKE_PREFIX_PATH}:/home/dz/Desktop/uni/SEM 7/TOOLS&SOFTWARE/ros2_project/ros2_ws/install/camera_test:/home/dz/Desktop/uni/SEM 7/TOOLS&SOFTWARE/ros2_project/ros2_ws/install/camera_driver:/opt/ros/jazzy DEBUGINFOD_URLS=https://debuginfod.ubuntu.com /usr/bin/cmake --build /home/dz/Desktop/uni/SEM 7/TOOLS&SOFTWARE/ros2_project/ros2_ws/build/other_mssgs -- -j12 -l12
[1.034s] /bin/sh: 1: /bin/sh: 1: SOFTWARE/ros2_project/ros2_ws/src/other_mssgs/other_mssgs: not found
[1.034s] SOFTWARE/ros2_project/ros2_ws/build/other_mssgs/ament_cmake_python/other_mssgs/other_mssgs: not found
[1.034s] gmake[2]: *** [CMakeFiles/ament_cmake_python_copy_other_mssgs.dir/build.make:70: CMakeFiles/ament_cmake_python_copy_other_mssgs] Error 127
[1.034s] gmake[1]: *** [CMakeFiles/Makefile2:138: CMakeFiles/ament_cmake_python_copy_other_mssgs.dir/all] Error 2
[1.035s] gmake: *** [Makefile:146: all] Error 2
[1.040s] CMake Error: cmake version 3.28.3
[1.041s] Usage: /usr/bin/cmake -E <command> [arguments...]
[1.041s] Available commands: 
[1.041s]   capabilities              - Report capabilities built into cmake in JSON format
[1.041s]   cat [--] <files>...       - concat the files and print them to the standard output
[1.041s]   chdir dir cmd [args...]   - run command in a given directory
[1.041s]   compare_files [--ignore-eol] file1 file2
[1.041s]                               - check if file1 is same as file2
[1.041s]   copy <file>... destination  - copy files to destination (either file or directory)
[1.042s]   copy_directory <dir>... destination   - copy content of <dir>... directories to 'destination' directory
[1.042s]   copy_directory_if_different <dir>... destination   - copy changed content of <dir>... directories to 'destination' directory
[1.042s]   copy_if_different <file>... destination  - copy files if it has changed
[1.042s]   echo [<string>...]        - displays arguments as text
[1.042s]   echo_append [<string>...] - displays arguments as text but no new line
[1.042s]   env [--unset=NAME ...] [NAME=VALUE ...] [--] <command> [<arg>...]
[1.042s]                             - run command in a modified environment
[1.042s]   environment               - display the current environment
[1.042s]   make_directory <dir>...   - create parent and <dir> directories
[1.042s]   md5sum <file>...          - create MD5 checksum of files
[1.042s]   sha1sum <file>...         - create SHA1 checksum of files
[1.043s]   sha224sum <file>...       - create SHA224 checksum of files
[1.043s]   sha256sum <file>...       - create SHA256 checksum of files
[1.043s]   sha384sum <file>...       - create SHA384 checksum of files
[1.043s]   sha512sum <file>...       - create SHA512 checksum of files
[1.043s]   remove [-f] <file>...     - remove the file(s), use -f to force it (deprecated: use rm instead)
[1.043s]   remove_directory <dir>... - remove directories and their contents (deprecated: use rm instead)
[1.043s]   rename oldname newname    - rename a file or directory (on one volume)
[1.043s]   rm [-rRf] [--] <file/dir>... - remove files or directories, use -f to force it, r or R to remove directories and their contents recursively
[1.043s]   sleep <number>...         - sleep for given number of seconds
[1.043s]   tar [cxt][vf][zjJ] file.tar [file/dir1 file/dir2 ...]
[1.043s]                             - create or extract a tar or zip archive
[1.043s]   time command [args...]    - run command and display elapsed time
[1.043s]   touch <file>...           - touch a <file>.
[1.043s]   touch_nocreate <file>...  - touch a <file> but do not create it.
[1.043s]   create_symlink old new    - create a symbolic link new -> old
[1.043s]   create_hardlink old new   - create a hard link new -> old
[1.043s]   true                      - do nothing with an exit code of 0
[1.043s]   false                     - do nothing with an exit code of 1
[1.043s] 
[1.044s] Invoked command in '/home/dz/Desktop/uni/SEM 7/TOOLS&SOFTWARE/ros2_project/ros2_ws/build/other_mssgs' returned '2': CMAKE_PREFIX_PATH=${CMAKE_PREFIX_PATH}:/home/dz/Desktop/uni/SEM 7/TOOLS&SOFTWARE/ros2_project/ros2_ws/install/camera_test:/home/dz/Desktop/uni/SEM 7/TOOLS&SOFTWARE/ros2_project/ros2_ws/install/camera_driver:/opt/ros/jazzy DEBUGINFOD_URLS=https://debuginfod.ubuntu.com /usr/bin/cmake --build /home/dz/Desktop/uni/SEM 7/TOOLS&SOFTWARE/ros2_project/ros2_ws/build/other_mssgs -- -j12 -l12
